[240:16276:0802/184351.183:INFO:CONSOLE(32)] "Slow network is detected. See https://www.chromestatus.com/feature/5636954674692096 for more details. Fallback font will be used while loading: https://liberty-12f-dev-ed.my.salesforce.com/login/assets/fonts/SalesforceSans/SalesforceSans-Regular.woff2", source: https://liberty-12f-dev-ed.my.salesforce.com/jslibrary/SfdcSessionBase208.js (32)
[240:16276:0802/184351.688:INFO:CONSOLE(1)] "Failed to retrive resource /wbin/www-core/f/g", source: https://www.salesforce.com/etc.bundles/sfdc-www/bundles/webpack-script-manifest-commonlyUsed-js.bundle.14c1beccf063029b6ea8.js (1)
[240:16276:0802/184400.003:INFO:CONSOLE(4)] "empApi setting initialized true for : undefined", source: https://liberty-12f-dev-ed.lightning.force.com/components/force/empApi.js (4)
[240:16276:0802/184405.409:INFO:CONSOLE(4)] "empApi setting initialized true for : undefined", source: https://liberty-12f-dev-ed.lightning.force.com/components/force/empApi.js (4)
[240:16276:0802/184408.064:INFO:CONSOLE(39)] "[object Object]", source: https://liberty-12f-dev-ed.lightning.force.com/libraries/instrumentation/beaconLib.BeaconLibrary.js (39)
[240:16276:0802/184410.724:ERROR:device_event_log_impl.cc(214)] [18:44:10.719] Bluetooth: bluetooth_adapter_winrt.cc:1074 Getting Default Adapter failed.
[240:16276:0802/184417.348:INFO:CONSOLE(39)] "[object Object]", source: https://liberty-12f-dev-ed.lightning.force.com/libraries/instrumentation/beaconLib.BeaconLibrary.js (39)
[240:16276:0802/184436.166:INFO:CONSOLE(1461)] "[object HTMLDivElement]", source:  (1461)
[240:16276:0802/184436.348:INFO:CONSOLE(1461)] "[object HTMLDivElement]", source:  (1461)
[240:16276:0802/184436.523:INFO:CONSOLE(1461)] "[object HTMLDivElement]", source:  (1461)
[240:16276:0802/184436.933:INFO:CONSOLE(1461)] "[object HTMLDivElement]", source:  (1461)
[240:16276:0802/184439.158:INFO:CONSOLE(1461)] "[object HTMLLIElement]", source:  (1461)
[240:16276:0802/184440.723:INFO:CONSOLE(1461)] "[object HTMLDivElement]", source:  (1461)
[240:16276:0802/184440.851:INFO:CONSOLE(1461)] "[object HTMLDivElement]", source:  (1461)
[240:16276:0802/184440.966:INFO:CONSOLE(1461)] "[object HTMLDivElement]", source:  (1461)
[240:16276:0802/184441.164:INFO:CONSOLE(1461)] "[object HTMLDivElement]", source:  (1461)
[240:16276:0802/184442.923:INFO:CONSOLE(1461)] "[object HTMLAnchorElement],[object HTMLAnchorElement],[object HTMLAnchorElement],[object HTMLAnchorElement]", source:  (1461)
[240:16276:0802/184444.564:INFO:CONSOLE(1461)] "[object HTMLDivElement]", source:  (1461)
[240:16276:0802/184444.824:INFO:CONSOLE(1461)] "[object HTMLDivElement]", source:  (1461)
[240:13512:0802/184447.449:ERROR:util.cc(127)] Can't create base directory: C:\Program Files\Google\GoogleUpdater
[240:16276:0802/184450.254:INFO:CONSOLE(39)] "[object Object]", source: https://liberty-12f-dev-ed.lightning.force.com/libraries/instrumentation/beaconLib.BeaconLibrary.js (39)
[240:16276:0802/184451.145:INFO:CONSOLE(1)] "<lightning-icon> Invalid icon name utility:", source: https://liberty-12f-dev-ed.lightning.force.com/components/lightning/icon.js (1)
[240:16276:0802/184452.554:INFO:CONSOLE(32)] "Slow network is detected. See https://www.chromestatus.com/feature/5636954674692096 for more details. Fallback font will be used while loading: https://liberty-12f-dev-ed.my.salesforce.com/login/assets/fonts/SalesforceSans/SalesforceSans-Regular.woff2", source: https://liberty-12f-dev-ed.my.salesforce.com/jslibrary/SfdcSessionBase208.js (32)
[240:16276:0802/184453.012:INFO:CONSOLE(1)] "Failed to retrive resource /wbin/www-core/f/g", source: https://www.salesforce.com/etc.bundles/sfdc-www/bundles/webpack-script-manifest-commonlyUsed-js.bundle.14c1beccf063029b6ea8.js (1)
[240:16276:0802/184454.089:WARNING:pref_notifier_impl.cc(41)] Pref observer for media_router.cast_allow_all_ips found at shutdown.
